The system is: Linux - 5.16.12-arch1-1 - x86_64
Compiling the C compiler identification source file "CMakeCCompilerId.c" succeeded.
Compiler: /usr/bin/clang-13 
Build flags: 
Id flags:  

The output was:
0


Compilation of the C compiler identification source "CMakeCCompilerId.c" produced "a.out"

The C compiler identification is Clang, found in "/home/do1e/Arch/OneDrive/20212大三下/计算机系统基础/PA/PA-NJU/nemu/nemu/build/CMakeFiles/3.22.3/CompilerIdC/a.out"

Compiling the CXX compiler identification source file "CMakeCXXCompilerId.cpp" succeeded.
Compiler: /usr/bin/c++ 
Build flags: 
Id flags:  

The output was:
0


Compilation of the CXX compiler identification source "CMakeCXXCompilerId.cpp" produced "a.out"

The CXX compiler identification is GNU, found in "/home/do1e/Arch/OneDrive/20212大三下/计算机系统基础/PA/PA-NJU/nemu/nemu/build/CMakeFiles/3.22.3/CompilerIdCXX/a.out"

Detecting C compiler ABI info compiled with the following output:
Change Dir: /home/do1e/Arch/OneDrive/20212大三下/计算机系统基础/PA/PA-NJU/nemu/nemu/build/CMakeFiles/CMakeTmp

Run Build Command(s):/usr/bin/make -f Makefile cmTC_bb703/fast && /usr/bin/make  -f CMakeFiles/cmTC_bb703.dir/build.make CMakeFiles/cmTC_bb703.dir/build
make[1]: Entering directory '/home/do1e/Arch/OneDrive/20212大三下/计算机系统基础/PA/PA-NJU/nemu/nemu/build/CMakeFiles/CMakeTmp'
Building C object CMakeFiles/cmTC_bb703.dir/CMakeCCompilerABI.c.o
/usr/bin/clang-13   -v -MD -MT CMakeFiles/cmTC_bb703.dir/CMakeCCompilerABI.c.o -MF CMakeFiles/cmTC_bb703.dir/CMakeCCompilerABI.c.o.d -o CMakeFiles/cmTC_bb703.dir/CMakeCCompilerABI.c.o -c /usr/share/cmake/Modules/CMakeCCompilerABI.c
clang version 13.0.1
Target: x86_64-pc-linux-gnu
Thread model: posix
InstalledDir: /usr/bin
Found candidate GCC installation: /usr/bin/../lib/gcc/x86_64-pc-linux-gnu/11.2.0
Found candidate GCC installation: /usr/bin/../lib/gcc/x86_64-pc-linux-gnu/7.5.0
Found candidate GCC installation: /usr/bin/../lib/gcc/x86_64-pc-linux-gnu/8.5.0
Found candidate GCC installation: /usr/bin/../lib64/gcc/x86_64-pc-linux-gnu/11.2.0
Found candidate GCC installation: /usr/bin/../lib64/gcc/x86_64-pc-linux-gnu/7.5.0
Found candidate GCC installation: /usr/bin/../lib64/gcc/x86_64-pc-linux-gnu/8.5.0
Selected GCC installation: /usr/bin/../lib64/gcc/x86_64-pc-linux-gnu/11.2.0
Candidate multilib: .;@m64
Candidate multilib: 32;@m32
Selected multilib: .;@m64
Found CUDA installation: /opt/cuda, version 11.2
 (in-process)
 "/usr/bin/clang-13" -cc1 -triple x86_64-pc-linux-gnu -emit-obj -mrelax-all --mrelax-relocations -disable-free -disable-llvm-verifier -discard-value-names -main-file-name CMakeCCompilerABI.c -mrelocation-model pic -pic-level 2 -pic-is-pie -mframe-pointer=all -fmath-errno -fno-rounding-math -mconstructor-aliases -munwind-tables -target-cpu x86-64 -tune-cpu generic -debugger-tuning=gdb -v -fcoverage-compilation-dir=/home/do1e/Arch/OneDrive/20212大三下/计算机系统基础/PA/PA-NJU/nemu/nemu/build/CMakeFiles/CMakeTmp -resource-dir /usr/lib/clang/13.0.1 -dependency-file CMakeFiles/cmTC_bb703.dir/CMakeCCompilerABI.c.o.d -MT CMakeFiles/cmTC_bb703.dir/CMakeCCompilerABI.c.o -sys-header-deps -internal-isystem /usr/lib/clang/13.0.1/include -internal-isystem /usr/local/include -internal-isystem /usr/bin/../lib64/gcc/x86_64-pc-linux-gnu/11.2.0/../../../../x86_64-pc-linux-gnu/include -internal-externc-isystem /include -internal-externc-isystem /usr/include -fdebug-compilation-dir=/home/do1e/Arch/OneDrive/20212大三下/计算机系统基础/PA/PA-NJU/nemu/nemu/build/CMakeFiles/CMakeTmp -ferror-limit 19 -stack-protector 2 -fgnuc-version=4.2.1 -faddrsig -D__GCC_HAVE_DWARF2_CFI_ASM=1 -o CMakeFiles/cmTC_bb703.dir/CMakeCCompilerABI.c.o -x c /usr/share/cmake/Modules/CMakeCCompilerABI.c
clang -cc1 version 13.0.1 based upon LLVM 13.0.1 default target x86_64-pc-linux-gnu
ignoring nonexistent directory "/usr/bin/../lib64/gcc/x86_64-pc-linux-gnu/11.2.0/../../../../x86_64-pc-linux-gnu/include"
ignoring nonexistent directory "/include"
#include "..." search starts here:
#include <...> search starts here:
 /usr/lib/clang/13.0.1/include
 /usr/local/include
 /usr/include
End of search list.
Linking C executable cmTC_bb703
/usr/bin/cmake -E cmake_link_script CMakeFiles/cmTC_bb703.dir/link.txt --verbose=1
/usr/bin/clang-13  -v CMakeFiles/cmTC_bb703.dir/CMakeCCompilerABI.c.o -o cmTC_bb703 
clang version 13.0.1
Target: x86_64-pc-linux-gnu
Thread model: posix
InstalledDir: /usr/bin
Found candidate GCC installation: /usr/bin/../lib/gcc/x86_64-pc-linux-gnu/11.2.0
Found candidate GCC installation: /usr/bin/../lib/gcc/x86_64-pc-linux-gnu/7.5.0
Found candidate GCC installation: /usr/bin/../lib/gcc/x86_64-pc-linux-gnu/8.5.0
Found candidate GCC installation: /usr/bin/../lib64/gcc/x86_64-pc-linux-gnu/11.2.0
Found candidate GCC installation: /usr/bin/../lib64/gcc/x86_64-pc-linux-gnu/7.5.0
Found candidate GCC installation: /usr/bin/../lib64/gcc/x86_64-pc-linux-gnu/8.5.0
Selected GCC installation: /usr/bin/../lib64/gcc/x86_64-pc-linux-gnu/11.2.0
Candidate multilib: .;@m64
Candidate multilib: 32;@m32
Selected multilib: .;@m64
Found CUDA installation: /opt/cuda, version 11.2
 "/usr/bin/ld" -pie --eh-frame-hdr -m elf_x86_64 -dynamic-linker /lib64/ld-linux-x86-64.so.2 -o cmTC_bb703 /usr/bin/../lib64/gcc/x86_64-pc-linux-gnu/11.2.0/../../../../lib64/Scrt1.o /usr/bin/../lib64/gcc/x86_64-pc-linux-gnu/11.2.0/../../../../lib64/crti.o /usr/bin/../lib64/gcc/x86_64-pc-linux-gnu/11.2.0/crtbeginS.o -L/usr/bin/../lib64/gcc/x86_64-pc-linux-gnu/11.2.0 -L/usr/bin/../lib64/gcc/x86_64-pc-linux-gnu/11.2.0/../../../../lib64 -L/lib/../lib64 -L/usr/lib/../lib64 -L/usr/bin/../lib -L/lib -L/usr/lib CMakeFiles/cmTC_bb703.dir/CMakeCCompilerABI.c.o -lgcc --as-needed -lgcc_s --no-as-needed -lc -lgcc --as-needed -lgcc_s --no-as-needed /usr/bin/../lib64/gcc/x86_64-pc-linux-gnu/11.2.0/crtendS.o /usr/bin/../lib64/gcc/x86_64-pc-linux-gnu/11.2.0/../../../../lib64/crtn.o
make[1]: Leaving directory '/home/do1e/Arch/OneDrive/20212大三下/计算机系统基础/PA/PA-NJU/nemu/nemu/build/CMakeFiles/CMakeTmp'



Parsed C implicit include dir info from above output: rv=done
  found start of include info
  found start of implicit include info
    add: [/usr/lib/clang/13.0.1/include]
    add: [/usr/local/include]
    add: [/usr/include]
  end of search list found
  collapse include dir [/usr/lib/clang/13.0.1/include] ==> [/usr/lib/clang/13.0.1/include]
  collapse include dir [/usr/local/include] ==> [/usr/local/include]
  collapse include dir [/usr/include] ==> [/usr/include]
  implicit include dirs: [/usr/lib/clang/13.0.1/include;/usr/local/include;/usr/include]


Parsed C implicit link information from above output:
  link line regex: [^( *|.*[/\])(ld|CMAKE_LINK_STARTFILE-NOTFOUND|([^/\]+-)?ld|collect2)[^/\]*( |$)]
  ignore line: [Change Dir: /home/do1e/Arch/OneDrive/20212大三下/计算机系统基础/PA/PA-NJU/nemu/nemu/build/CMakeFiles/CMakeTmp]
  ignore line: []
  ignore line: [Run Build Command(s):/usr/bin/make -f Makefile cmTC_bb703/fast && /usr/bin/make  -f CMakeFiles/cmTC_bb703.dir/build.make CMakeFiles/cmTC_bb703.dir/build]
  ignore line: [make[1]: Entering directory '/home/do1e/Arch/OneDrive/20212大三下/计算机系统基础/PA/PA-NJU/nemu/nemu/build/CMakeFiles/CMakeTmp']
  ignore line: [Building C object CMakeFiles/cmTC_bb703.dir/CMakeCCompilerABI.c.o]
  ignore line: [/usr/bin/clang-13   -v -MD -MT CMakeFiles/cmTC_bb703.dir/CMakeCCompilerABI.c.o -MF CMakeFiles/cmTC_bb703.dir/CMakeCCompilerABI.c.o.d -o CMakeFiles/cmTC_bb703.dir/CMakeCCompilerABI.c.o -c /usr/share/cmake/Modules/CMakeCCompilerABI.c]
  ignore line: [clang version 13.0.1]
  ignore line: [Target: x86_64-pc-linux-gnu]
  ignore line: [Thread model: posix]
  ignore line: [InstalledDir: /usr/bin]
  ignore line: [Found candidate GCC installation: /usr/bin/../lib/gcc/x86_64-pc-linux-gnu/11.2.0]
  ignore line: [Found candidate GCC installation: /usr/bin/../lib/gcc/x86_64-pc-linux-gnu/7.5.0]
  ignore line: [Found candidate GCC installation: /usr/bin/../lib/gcc/x86_64-pc-linux-gnu/8.5.0]
  ignore line: [Found candidate GCC installation: /usr/bin/../lib64/gcc/x86_64-pc-linux-gnu/11.2.0]
  ignore line: [Found candidate GCC installation: /usr/bin/../lib64/gcc/x86_64-pc-linux-gnu/7.5.0]
  ignore line: [Found candidate GCC installation: /usr/bin/../lib64/gcc/x86_64-pc-linux-gnu/8.5.0]
  ignore line: [Selected GCC installation: /usr/bin/../lib64/gcc/x86_64-pc-linux-gnu/11.2.0]
  ignore line: [Candidate multilib: .]
  ignore line: [@m64]
  ignore line: [Candidate multilib: 32]
  ignore line: [@m32]
  ignore line: [Selected multilib: .]
  ignore line: [@m64]
  ignore line: [Found CUDA installation: /opt/cuda  version 11.2]
  ignore line: [ (in-process)]
  ignore line: [ "/usr/bin/clang-13" -cc1 -triple x86_64-pc-linux-gnu -emit-obj -mrelax-all --mrelax-relocations -disable-free -disable-llvm-verifier -discard-value-names -main-file-name CMakeCCompilerABI.c -mrelocation-model pic -pic-level 2 -pic-is-pie -mframe-pointer=all -fmath-errno -fno-rounding-math -mconstructor-aliases -munwind-tables -target-cpu x86-64 -tune-cpu generic -debugger-tuning=gdb -v -fcoverage-compilation-dir=/home/do1e/Arch/OneDrive/20212大三下/计算机系统基础/PA/PA-NJU/nemu/nemu/build/CMakeFiles/CMakeTmp -resource-dir /usr/lib/clang/13.0.1 -dependency-file CMakeFiles/cmTC_bb703.dir/CMakeCCompilerABI.c.o.d -MT CMakeFiles/cmTC_bb703.dir/CMakeCCompilerABI.c.o -sys-header-deps -internal-isystem /usr/lib/clang/13.0.1/include -internal-isystem /usr/local/include -internal-isystem /usr/bin/../lib64/gcc/x86_64-pc-linux-gnu/11.2.0/../../../../x86_64-pc-linux-gnu/include -internal-externc-isystem /include -internal-externc-isystem /usr/include -fdebug-compilation-dir=/home/do1e/Arch/OneDrive/20212大三下/计算机系统基础/PA/PA-NJU/nemu/nemu/build/CMakeFiles/CMakeTmp -ferror-limit 19 -stack-protector 2 -fgnuc-version=4.2.1 -faddrsig -D__GCC_HAVE_DWARF2_CFI_ASM=1 -o CMakeFiles/cmTC_bb703.dir/CMakeCCompilerABI.c.o -x c /usr/share/cmake/Modules/CMakeCCompilerABI.c]
  ignore line: [clang -cc1 version 13.0.1 based upon LLVM 13.0.1 default target x86_64-pc-linux-gnu]
  ignore line: [ignoring nonexistent directory "/usr/bin/../lib64/gcc/x86_64-pc-linux-gnu/11.2.0/../../../../x86_64-pc-linux-gnu/include"]
  ignore line: [ignoring nonexistent directory "/include"]
  ignore line: [#include "..." search starts here:]
  ignore line: [#include <...> search starts here:]
  ignore line: [ /usr/lib/clang/13.0.1/include]
  ignore line: [ /usr/local/include]
  ignore line: [ /usr/include]
  ignore line: [End of search list.]
  ignore line: [Linking C executable cmTC_bb703]
  ignore line: [/usr/bin/cmake -E cmake_link_script CMakeFiles/cmTC_bb703.dir/link.txt --verbose=1]
  ignore line: [/usr/bin/clang-13  -v CMakeFiles/cmTC_bb703.dir/CMakeCCompilerABI.c.o -o cmTC_bb703 ]
  ignore line: [clang version 13.0.1]
  ignore line: [Target: x86_64-pc-linux-gnu]
  ignore line: [Thread model: posix]
  ignore line: [InstalledDir: /usr/bin]
  ignore line: [Found candidate GCC installation: /usr/bin/../lib/gcc/x86_64-pc-linux-gnu/11.2.0]
  ignore line: [Found candidate GCC installation: /usr/bin/../lib/gcc/x86_64-pc-linux-gnu/7.5.0]
  ignore line: [Found candidate GCC installation: /usr/bin/../lib/gcc/x86_64-pc-linux-gnu/8.5.0]
  ignore line: [Found candidate GCC installation: /usr/bin/../lib64/gcc/x86_64-pc-linux-gnu/11.2.0]
  ignore line: [Found candidate GCC installation: /usr/bin/../lib64/gcc/x86_64-pc-linux-gnu/7.5.0]
  ignore line: [Found candidate GCC installation: /usr/bin/../lib64/gcc/x86_64-pc-linux-gnu/8.5.0]
  ignore line: [Selected GCC installation: /usr/bin/../lib64/gcc/x86_64-pc-linux-gnu/11.2.0]
  ignore line: [Candidate multilib: .]
  ignore line: [@m64]
  ignore line: [Candidate multilib: 32]
  ignore line: [@m32]
  ignore line: [Selected multilib: .]
  ignore line: [@m64]
  ignore line: [Found CUDA installation: /opt/cuda  version 11.2]
  link line: [ "/usr/bin/ld" -pie --eh-frame-hdr -m elf_x86_64 -dynamic-linker /lib64/ld-linux-x86-64.so.2 -o cmTC_bb703 /usr/bin/../lib64/gcc/x86_64-pc-linux-gnu/11.2.0/../../../../lib64/Scrt1.o /usr/bin/../lib64/gcc/x86_64-pc-linux-gnu/11.2.0/../../../../lib64/crti.o /usr/bin/../lib64/gcc/x86_64-pc-linux-gnu/11.2.0/crtbeginS.o -L/usr/bin/../lib64/gcc/x86_64-pc-linux-gnu/11.2.0 -L/usr/bin/../lib64/gcc/x86_64-pc-linux-gnu/11.2.0/../../../../lib64 -L/lib/../lib64 -L/usr/lib/../lib64 -L/usr/bin/../lib -L/lib -L/usr/lib CMakeFiles/cmTC_bb703.dir/CMakeCCompilerABI.c.o -lgcc --as-needed -lgcc_s --no-as-needed -lc -lgcc --as-needed -lgcc_s --no-as-needed /usr/bin/../lib64/gcc/x86_64-pc-linux-gnu/11.2.0/crtendS.o /usr/bin/../lib64/gcc/x86_64-pc-linux-gnu/11.2.0/../../../../lib64/crtn.o]
    arg [/usr/bin/ld] ==> ignore
    arg [-pie] ==> ignore
    arg [--eh-frame-hdr] ==> ignore
    arg [-m] ==> ignore
    arg [elf_x86_64] ==> ignore
    arg [-dynamic-linker] ==> ignore
    arg [/lib64/ld-linux-x86-64.so.2] ==> ignore
    arg [-o] ==> ignore
    arg [cmTC_bb703] ==> ignore
    arg [/usr/bin/../lib64/gcc/x86_64-pc-linux-gnu/11.2.0/../../../../lib64/Scrt1.o] ==> obj [/usr/bin/../lib64/gcc/x86_64-pc-linux-gnu/11.2.0/../../../../lib64/Scrt1.o]
    arg [/usr/bin/../lib64/gcc/x86_64-pc-linux-gnu/11.2.0/../../../../lib64/crti.o] ==> obj [/usr/bin/../lib64/gcc/x86_64-pc-linux-gnu/11.2.0/../../../../lib64/crti.o]
    arg [/usr/bin/../lib64/gcc/x86_64-pc-linux-gnu/11.2.0/crtbeginS.o] ==> obj [/usr/bin/../lib64/gcc/x86_64-pc-linux-gnu/11.2.0/crtbeginS.o]
    arg [-L/usr/bin/../lib64/gcc/x86_64-pc-linux-gnu/11.2.0] ==> dir [/usr/bin/../lib64/gcc/x86_64-pc-linux-gnu/11.2.0]
    arg [-L/usr/bin/../lib64/gcc/x86_64-pc-linux-gnu/11.2.0/../../../../lib64] ==> dir [/usr/bin/../lib64/gcc/x86_64-pc-linux-gnu/11.2.0/../../../../lib64]
    arg [-L/lib/../lib64] ==> dir [/lib/../lib64]
    arg [-L/usr/lib/../lib64] ==> dir [/usr/lib/../lib64]
    arg [-L/usr/bin/../lib] ==> dir [/usr/bin/../lib]
    arg [-L/lib] ==> dir [/lib]
    arg [-L/usr/lib] ==> dir [/usr/lib]
    arg [CMakeFiles/cmTC_bb703.dir/CMakeCCompilerABI.c.o] ==> ignore
    arg [-lgcc] ==> lib [gcc]
    arg [--as-needed] ==> ignore
    arg [-lgcc_s] ==> lib [gcc_s]
    arg [--no-as-needed] ==> ignore
    arg [-lc] ==> lib [c]
    arg [-lgcc] ==> lib [gcc]
    arg [--as-needed] ==> ignore
    arg [-lgcc_s] ==> lib [gcc_s]
    arg [--no-as-needed] ==> ignore
    arg [/usr/bin/../lib64/gcc/x86_64-pc-linux-gnu/11.2.0/crtendS.o] ==> obj [/usr/bin/../lib64/gcc/x86_64-pc-linux-gnu/11.2.0/crtendS.o]
    arg [/usr/bin/../lib64/gcc/x86_64-pc-linux-gnu/11.2.0/../../../../lib64/crtn.o] ==> obj [/usr/bin/../lib64/gcc/x86_64-pc-linux-gnu/11.2.0/../../../../lib64/crtn.o]
  collapse obj [/usr/bin/../lib64/gcc/x86_64-pc-linux-gnu/11.2.0/../../../../lib64/Scrt1.o] ==> [/usr/lib64/Scrt1.o]
  collapse obj [/usr/bin/../lib64/gcc/x86_64-pc-linux-gnu/11.2.0/../../../../lib64/crti.o] ==> [/usr/lib64/crti.o]
  collapse obj [/usr/bin/../lib64/gcc/x86_64-pc-linux-gnu/11.2.0/crtbeginS.o] ==> [/usr/lib64/gcc/x86_64-pc-linux-gnu/11.2.0/crtbeginS.o]
  collapse obj [/usr/bin/../lib64/gcc/x86_64-pc-linux-gnu/11.2.0/crtendS.o] ==> [/usr/lib64/gcc/x86_64-pc-linux-gnu/11.2.0/crtendS.o]
  collapse obj [/usr/bin/../lib64/gcc/x86_64-pc-linux-gnu/11.2.0/../../../../lib64/crtn.o] ==> [/usr/lib64/crtn.o]
  collapse library dir [/usr/bin/../lib64/gcc/x86_64-pc-linux-gnu/11.2.0] ==> [/usr/lib64/gcc/x86_64-pc-linux-gnu/11.2.0]
  collapse library dir [/usr/bin/../lib64/gcc/x86_64-pc-linux-gnu/11.2.0/../../../../lib64] ==> [/usr/lib64]
  collapse library dir [/lib/../lib64] ==> [/lib64]
  collapse library dir [/usr/lib/../lib64] ==> [/usr/lib64]
  collapse library dir [/usr/bin/../lib] ==> [/usr/lib]
  collapse library dir [/lib] ==> [/lib]
  collapse library dir [/usr/lib] ==> [/usr/lib]
  implicit libs: [gcc;gcc_s;c;gcc;gcc_s]
  implicit objs: [/usr/lib64/Scrt1.o;/usr/lib64/crti.o;/usr/lib64/gcc/x86_64-pc-linux-gnu/11.2.0/crtbeginS.o;/usr/lib64/gcc/x86_64-pc-linux-gnu/11.2.0/crtendS.o;/usr/lib64/crtn.o]
  implicit dirs: [/usr/lib64/gcc/x86_64-pc-linux-gnu/11.2.0;/usr/lib64;/lib64;/usr/lib;/lib]
  implicit fwks: []


Detecting CXX compiler ABI info compiled with the following output:
Change Dir: /home/do1e/Arch/OneDrive/20212大三下/计算机系统基础/PA/PA-NJU/nemu/nemu/build/CMakeFiles/CMakeTmp

Run Build Command(s):/usr/bin/make -f Makefile cmTC_4eeee/fast && /usr/bin/make  -f CMakeFiles/cmTC_4eeee.dir/build.make CMakeFiles/cmTC_4eeee.dir/build
make[1]: Entering directory '/home/do1e/Arch/OneDrive/20212大三下/计算机系统基础/PA/PA-NJU/nemu/nemu/build/CMakeFiles/CMakeTmp'
Building CXX object CMakeFiles/cmTC_4eeee.dir/CMakeCXXCompilerABI.cpp.o
/usr/bin/c++   -v -o CMakeFiles/cmTC_4eeee.dir/CMakeCXXCompilerABI.cpp.o -c /usr/share/cmake/Modules/CMakeCXXCompilerABI.cpp
Using built-in specs.
COLLECT_GCC=/usr/bin/c++
Target: x86_64-pc-linux-gnu
Configured with: /build/gcc/src/gcc/configure --enable-languages=c,c++,ada,fortran,go,lto,objc,obj-c++,d --enable-bootstrap --prefix=/usr --libdir=/usr/lib --libexecdir=/usr/lib --mandir=/usr/share/man --infodir=/usr/share/info --with-bugurl=https://bugs.archlinux.org/ --with-linker-hash-style=gnu --with-system-zlib --enable-__cxa_atexit --enable-cet=auto --enable-checking=release --enable-clocale=gnu --enable-default-pie --enable-default-ssp --enable-gnu-indirect-function --enable-gnu-unique-object --enable-linker-build-id --enable-lto --enable-multilib --enable-plugin --enable-shared --enable-threads=posix --disable-libssp --disable-libstdcxx-pch --disable-werror --with-build-config=bootstrap-lto --enable-link-serialization=1 gdc_include_dir=/usr/include/dlang/gdc
Thread model: posix
Supported LTO compression algorithms: zlib zstd
gcc version 11.2.0 (GCC) 
COLLECT_GCC_OPTIONS='-v' '-o' 'CMakeFiles/cmTC_4eeee.dir/CMakeCXXCompilerABI.cpp.o' '-c' '-shared-libgcc' '-mtune=generic' '-march=x86-64' '-dumpdir' 'CMakeFiles/cmTC_4eeee.dir/'
 /usr/lib/gcc/x86_64-pc-linux-gnu/11.2.0/cc1plus -quiet -v -D_GNU_SOURCE /usr/share/cmake/Modules/CMakeCXXCompilerABI.cpp -quiet -dumpdir CMakeFiles/cmTC_4eeee.dir/ -dumpbase CMakeCXXCompilerABI.cpp.cpp -dumpbase-ext .cpp -mtune=generic -march=x86-64 -version -o /tmp/ccs1BxBu.s
GNU C++17 (GCC) version 11.2.0 (x86_64-pc-linux-gnu)
	compiled by GNU C version 11.2.0, GMP version 6.2.1, MPFR version 4.1.0-p13, MPC version 1.2.1, isl version isl-0.24-GMP

GGC heuristics: --param ggc-min-expand=100 --param ggc-min-heapsize=131072
ignoring nonexistent directory "/usr/lib/gcc/x86_64-pc-linux-gnu/11.2.0/../../../../x86_64-pc-linux-gnu/include"
#include "..." search starts here:
#include <...> search starts here:
 /usr/lib/gcc/x86_64-pc-linux-gnu/11.2.0/../../../../include/c++/11.2.0
 /usr/lib/gcc/x86_64-pc-linux-gnu/11.2.0/../../../../include/c++/11.2.0/x86_64-pc-linux-gnu
 /usr/lib/gcc/x86_64-pc-linux-gnu/11.2.0/../../../../include/c++/11.2.0/backward
 /usr/lib/gcc/x86_64-pc-linux-gnu/11.2.0/include
 /usr/local/include
 /usr/lib/gcc/x86_64-pc-linux-gnu/11.2.0/include-fixed
 /usr/include
End of search list.
GNU C++17 (GCC) version 11.2.0 (x86_64-pc-linux-gnu)
	compiled by GNU C version 11.2.0, GMP version 6.2.1, MPFR version 4.1.0-p13, MPC version 1.2.1, isl version isl-0.24-GMP

GGC heuristics: --param ggc-min-expand=100 --param ggc-min-heapsize=131072
Compiler executable checksum: 37973183ac4df241cfcce263334987c1
COLLECT_GCC_OPTIONS='-v' '-o' 'CMakeFiles/cmTC_4eeee.dir/CMakeCXXCompilerABI.cpp.o' '-c' '-shared-libgcc' '-mtune=generic' '-march=x86-64' '-dumpdir' 'CMakeFiles/cmTC_4eeee.dir/'
 as -v --64 -o CMakeFiles/cmTC_4eeee.dir/CMakeCXXCompilerABI.cpp.o /tmp/ccs1BxBu.s
GNU assembler version 2.38 (x86_64-pc-linux-gnu) using BFD version (GNU Binutils) 2.38
COMPILER_PATH=/usr/lib/gcc/x86_64-pc-linux-gnu/11.2.0/:/usr/lib/gcc/x86_64-pc-linux-gnu/11.2.0/:/usr/lib/gcc/x86_64-pc-linux-gnu/:/usr/lib/gcc/x86_64-pc-linux-gnu/11.2.0/:/usr/lib/gcc/x86_64-pc-linux-gnu/
LIBRARY_PATH=/usr/lib/gcc/x86_64-pc-linux-gnu/11.2.0/:/usr/lib/gcc/x86_64-pc-linux-gnu/11.2.0/../../../../lib/:/lib/../lib/:/usr/lib/../lib/:/usr/lib/gcc/x86_64-pc-linux-gnu/11.2.0/../../../:/lib/:/usr/lib/
COLLECT_GCC_OPTIONS='-v' '-o' 'CMakeFiles/cmTC_4eeee.dir/CMakeCXXCompilerABI.cpp.o' '-c' '-shared-libgcc' '-mtune=generic' '-march=x86-64' '-dumpdir' 'CMakeFiles/cmTC_4eeee.dir/CMakeCXXCompilerABI.cpp.'
Linking CXX executable cmTC_4eeee
/usr/bin/cmake -E cmake_link_script CMakeFiles/cmTC_4eeee.dir/link.txt --verbose=1
/usr/bin/c++  -v CMakeFiles/cmTC_4eeee.dir/CMakeCXXCompilerABI.cpp.o -o cmTC_4eeee 
Using built-in specs.
COLLECT_GCC=/usr/bin/c++
COLLECT_LTO_WRAPPER=/usr/lib/gcc/x86_64-pc-linux-gnu/11.2.0/lto-wrapper
Target: x86_64-pc-linux-gnu
Configured with: /build/gcc/src/gcc/configure --enable-languages=c,c++,ada,fortran,go,lto,objc,obj-c++,d --enable-bootstrap --prefix=/usr --libdir=/usr/lib --libexecdir=/usr/lib --mandir=/usr/share/man --infodir=/usr/share/info --with-bugurl=https://bugs.archlinux.org/ --with-linker-hash-style=gnu --with-system-zlib --enable-__cxa_atexit --enable-cet=auto --enable-checking=release --enable-clocale=gnu --enable-default-pie --enable-default-ssp --enable-gnu-indirect-function --enable-gnu-unique-object --enable-linker-build-id --enable-lto --enable-multilib --enable-plugin --enable-shared --enable-threads=posix --disable-libssp --disable-libstdcxx-pch --disable-werror --with-build-config=bootstrap-lto --enable-link-serialization=1 gdc_include_dir=/usr/include/dlang/gdc
Thread model: posix
Supported LTO compression algorithms: zlib zstd
gcc version 11.2.0 (GCC) 
COMPILER_PATH=/usr/lib/gcc/x86_64-pc-linux-gnu/11.2.0/:/usr/lib/gcc/x86_64-pc-linux-gnu/11.2.0/:/usr/lib/gcc/x86_64-pc-linux-gnu/:/usr/lib/gcc/x86_64-pc-linux-gnu/11.2.0/:/usr/lib/gcc/x86_64-pc-linux-gnu/
LIBRARY_PATH=/usr/lib/gcc/x86_64-pc-linux-gnu/11.2.0/:/usr/lib/gcc/x86_64-pc-linux-gnu/11.2.0/../../../../lib/:/lib/../lib/:/usr/lib/../lib/:/usr/lib/gcc/x86_64-pc-linux-gnu/11.2.0/../../../:/lib/:/usr/lib/
COLLECT_GCC_OPTIONS='-v' '-o' 'cmTC_4eeee' '-shared-libgcc' '-mtune=generic' '-march=x86-64' '-dumpdir' 'cmTC_4eeee.'
 /usr/lib/gcc/x86_64-pc-linux-gnu/11.2.0/collect2 -plugin /usr/lib/gcc/x86_64-pc-linux-gnu/11.2.0/liblto_plugin.so -plugin-opt=/usr/lib/gcc/x86_64-pc-linux-gnu/11.2.0/lto-wrapper -plugin-opt=-fresolution=/tmp/ccxi5CJv.res -plugin-opt=-pass-through=-lgcc_s -plugin-opt=-pass-through=-lgcc -plugin-opt=-pass-through=-lc -plugin-opt=-pass-through=-lgcc_s -plugin-opt=-pass-through=-lgcc --build-id --eh-frame-hdr --hash-style=gnu -m elf_x86_64 -dynamic-linker /lib64/ld-linux-x86-64.so.2 -pie -o cmTC_4eeee /usr/lib/gcc/x86_64-pc-linux-gnu/11.2.0/../../../../lib/Scrt1.o /usr/lib/gcc/x86_64-pc-linux-gnu/11.2.0/../../../../lib/crti.o /usr/lib/gcc/x86_64-pc-linux-gnu/11.2.0/crtbeginS.o -L/usr/lib/gcc/x86_64-pc-linux-gnu/11.2.0 -L/usr/lib/gcc/x86_64-pc-linux-gnu/11.2.0/../../../../lib -L/lib/../lib -L/usr/lib/../lib -L/usr/lib/gcc/x86_64-pc-linux-gnu/11.2.0/../../.. CMakeFiles/cmTC_4eeee.dir/CMakeCXXCompilerABI.cpp.o -lstdc++ -lm -lgcc_s -lgcc -lc -lgcc_s -lgcc /usr/lib/gcc/x86_64-pc-linux-gnu/11.2.0/crtendS.o /usr/lib/gcc/x86_64-pc-linux-gnu/11.2.0/../../../../lib/crtn.o
COLLECT_GCC_OPTIONS='-v' '-o' 'cmTC_4eeee' '-shared-libgcc' '-mtune=generic' '-march=x86-64' '-dumpdir' 'cmTC_4eeee.'
make[1]: Leaving directory '/home/do1e/Arch/OneDrive/20212大三下/计算机系统基础/PA/PA-NJU/nemu/nemu/build/CMakeFiles/CMakeTmp'



Parsed CXX implicit include dir info from above output: rv=done
  found start of include info
  found start of implicit include info
    add: [/usr/lib/gcc/x86_64-pc-linux-gnu/11.2.0/../../../../include/c++/11.2.0]
    add: [/usr/lib/gcc/x86_64-pc-linux-gnu/11.2.0/../../../../include/c++/11.2.0/x86_64-pc-linux-gnu]
    add: [/usr/lib/gcc/x86_64-pc-linux-gnu/11.2.0/../../../../include/c++/11.2.0/backward]
    add: [/usr/lib/gcc/x86_64-pc-linux-gnu/11.2.0/include]
    add: [/usr/local/include]
    add: [/usr/lib/gcc/x86_64-pc-linux-gnu/11.2.0/include-fixed]
    add: [/usr/include]
  end of search list found
  collapse include dir [/usr/lib/gcc/x86_64-pc-linux-gnu/11.2.0/../../../../include/c++/11.2.0] ==> [/usr/include/c++/11.2.0]
  collapse include dir [/usr/lib/gcc/x86_64-pc-linux-gnu/11.2.0/../../../../include/c++/11.2.0/x86_64-pc-linux-gnu] ==> [/usr/include/c++/11.2.0/x86_64-pc-linux-gnu]
  collapse include dir [/usr/lib/gcc/x86_64-pc-linux-gnu/11.2.0/../../../../include/c++/11.2.0/backward] ==> [/usr/include/c++/11.2.0/backward]
  collapse include dir [/usr/lib/gcc/x86_64-pc-linux-gnu/11.2.0/include] ==> [/usr/lib/gcc/x86_64-pc-linux-gnu/11.2.0/include]
  collapse include dir [/usr/local/include] ==> [/usr/local/include]
  collapse include dir [/usr/lib/gcc/x86_64-pc-linux-gnu/11.2.0/include-fixed] ==> [/usr/lib/gcc/x86_64-pc-linux-gnu/11.2.0/include-fixed]
  collapse include dir [/usr/include] ==> [/usr/include]
  implicit include dirs: [/usr/include/c++/11.2.0;/usr/include/c++/11.2.0/x86_64-pc-linux-gnu;/usr/include/c++/11.2.0/backward;/usr/lib/gcc/x86_64-pc-linux-gnu/11.2.0/include;/usr/local/include;/usr/lib/gcc/x86_64-pc-linux-gnu/11.2.0/include-fixed;/usr/include]


Parsed CXX implicit link information from above output:
  link line regex: [^( *|.*[/\])(ld|CMAKE_LINK_STARTFILE-NOTFOUND|([^/\]+-)?ld|collect2)[^/\]*( |$)]
  ignore line: [Change Dir: /home/do1e/Arch/OneDrive/20212大三下/计算机系统基础/PA/PA-NJU/nemu/nemu/build/CMakeFiles/CMakeTmp]
  ignore line: []
  ignore line: [Run Build Command(s):/usr/bin/make -f Makefile cmTC_4eeee/fast && /usr/bin/make  -f CMakeFiles/cmTC_4eeee.dir/build.make CMakeFiles/cmTC_4eeee.dir/build]
  ignore line: [make[1]: Entering directory '/home/do1e/Arch/OneDrive/20212大三下/计算机系统基础/PA/PA-NJU/nemu/nemu/build/CMakeFiles/CMakeTmp']
  ignore line: [Building CXX object CMakeFiles/cmTC_4eeee.dir/CMakeCXXCompilerABI.cpp.o]
  ignore line: [/usr/bin/c++   -v -o CMakeFiles/cmTC_4eeee.dir/CMakeCXXCompilerABI.cpp.o -c /usr/share/cmake/Modules/CMakeCXXCompilerABI.cpp]
  ignore line: [Using built-in specs.]
  ignore line: [COLLECT_GCC=/usr/bin/c++]
  ignore line: [Target: x86_64-pc-linux-gnu]
  ignore line: [Configured with: /build/gcc/src/gcc/configure --enable-languages=c c++ ada fortran go lto objc obj-c++ d --enable-bootstrap --prefix=/usr --libdir=/usr/lib --libexecdir=/usr/lib --mandir=/usr/share/man --infodir=/usr/share/info --with-bugurl=https://bugs.archlinux.org/ --with-linker-hash-style=gnu --with-system-zlib --enable-__cxa_atexit --enable-cet=auto --enable-checking=release --enable-clocale=gnu --enable-default-pie --enable-default-ssp --enable-gnu-indirect-function --enable-gnu-unique-object --enable-linker-build-id --enable-lto --enable-multilib --enable-plugin --enable-shared --enable-threads=posix --disable-libssp --disable-libstdcxx-pch --disable-werror --with-build-config=bootstrap-lto --enable-link-serialization=1 gdc_include_dir=/usr/include/dlang/gdc]
  ignore line: [Thread model: posix]
  ignore line: [Supported LTO compression algorithms: zlib zstd]
  ignore line: [gcc version 11.2.0 (GCC) ]
  ignore line: [COLLECT_GCC_OPTIONS='-v' '-o' 'CMakeFiles/cmTC_4eeee.dir/CMakeCXXCompilerABI.cpp.o' '-c' '-shared-libgcc' '-mtune=generic' '-march=x86-64' '-dumpdir' 'CMakeFiles/cmTC_4eeee.dir/']
  ignore line: [ /usr/lib/gcc/x86_64-pc-linux-gnu/11.2.0/cc1plus -quiet -v -D_GNU_SOURCE /usr/share/cmake/Modules/CMakeCXXCompilerABI.cpp -quiet -dumpdir CMakeFiles/cmTC_4eeee.dir/ -dumpbase CMakeCXXCompilerABI.cpp.cpp -dumpbase-ext .cpp -mtune=generic -march=x86-64 -version -o /tmp/ccs1BxBu.s]
  ignore line: [GNU C++17 (GCC) version 11.2.0 (x86_64-pc-linux-gnu)]
  ignore line: [	compiled by GNU C version 11.2.0  GMP version 6.2.1  MPFR version 4.1.0-p13  MPC version 1.2.1  isl version isl-0.24-GMP]
  ignore line: []
  ignore line: [GGC heuristics: --param ggc-min-expand=100 --param ggc-min-heapsize=131072]
  ignore line: [ignoring nonexistent directory "/usr/lib/gcc/x86_64-pc-linux-gnu/11.2.0/../../../../x86_64-pc-linux-gnu/include"]
  ignore line: [#include "..." search starts here:]
  ignore line: [#include <...> search starts here:]
  ignore line: [ /usr/lib/gcc/x86_64-pc-linux-gnu/11.2.0/../../../../include/c++/11.2.0]
  ignore line: [ /usr/lib/gcc/x86_64-pc-linux-gnu/11.2.0/../../../../include/c++/11.2.0/x86_64-pc-linux-gnu]
  ignore line: [ /usr/lib/gcc/x86_64-pc-linux-gnu/11.2.0/../../../../include/c++/11.2.0/backward]
  ignore line: [ /usr/lib/gcc/x86_64-pc-linux-gnu/11.2.0/include]
  ignore line: [ /usr/local/include]
  ignore line: [ /usr/lib/gcc/x86_64-pc-linux-gnu/11.2.0/include-fixed]
  ignore line: [ /usr/include]
  ignore line: [End of search list.]
  ignore line: [GNU C++17 (GCC) version 11.2.0 (x86_64-pc-linux-gnu)]
  ignore line: [	compiled by GNU C version 11.2.0  GMP version 6.2.1  MPFR version 4.1.0-p13  MPC version 1.2.1  isl version isl-0.24-GMP]
  ignore line: []
  ignore line: [GGC heuristics: --param ggc-min-expand=100 --param ggc-min-heapsize=131072]
  ignore line: [Compiler executable checksum: 37973183ac4df241cfcce263334987c1]
  ignore line: [COLLECT_GCC_OPTIONS='-v' '-o' 'CMakeFiles/cmTC_4eeee.dir/CMakeCXXCompilerABI.cpp.o' '-c' '-shared-libgcc' '-mtune=generic' '-march=x86-64' '-dumpdir' 'CMakeFiles/cmTC_4eeee.dir/']
  ignore line: [ as -v --64 -o CMakeFiles/cmTC_4eeee.dir/CMakeCXXCompilerABI.cpp.o /tmp/ccs1BxBu.s]
  ignore line: [GNU assembler version 2.38 (x86_64-pc-linux-gnu) using BFD version (GNU Binutils) 2.38]
  ignore line: [COMPILER_PATH=/usr/lib/gcc/x86_64-pc-linux-gnu/11.2.0/:/usr/lib/gcc/x86_64-pc-linux-gnu/11.2.0/:/usr/lib/gcc/x86_64-pc-linux-gnu/:/usr/lib/gcc/x86_64-pc-linux-gnu/11.2.0/:/usr/lib/gcc/x86_64-pc-linux-gnu/]
  ignore line: [LIBRARY_PATH=/usr/lib/gcc/x86_64-pc-linux-gnu/11.2.0/:/usr/lib/gcc/x86_64-pc-linux-gnu/11.2.0/../../../../lib/:/lib/../lib/:/usr/lib/../lib/:/usr/lib/gcc/x86_64-pc-linux-gnu/11.2.0/../../../:/lib/:/usr/lib/]
  ignore line: [COLLECT_GCC_OPTIONS='-v' '-o' 'CMakeFiles/cmTC_4eeee.dir/CMakeCXXCompilerABI.cpp.o' '-c' '-shared-libgcc' '-mtune=generic' '-march=x86-64' '-dumpdir' 'CMakeFiles/cmTC_4eeee.dir/CMakeCXXCompilerABI.cpp.']
  ignore line: [Linking CXX executable cmTC_4eeee]
  ignore line: [/usr/bin/cmake -E cmake_link_script CMakeFiles/cmTC_4eeee.dir/link.txt --verbose=1]
  ignore line: [/usr/bin/c++  -v CMakeFiles/cmTC_4eeee.dir/CMakeCXXCompilerABI.cpp.o -o cmTC_4eeee ]
  ignore line: [Using built-in specs.]
  ignore line: [COLLECT_GCC=/usr/bin/c++]
  ignore line: [COLLECT_LTO_WRAPPER=/usr/lib/gcc/x86_64-pc-linux-gnu/11.2.0/lto-wrapper]
  ignore line: [Target: x86_64-pc-linux-gnu]
  ignore line: [Configured with: /build/gcc/src/gcc/configure --enable-languages=c c++ ada fortran go lto objc obj-c++ d --enable-bootstrap --prefix=/usr --libdir=/usr/lib --libexecdir=/usr/lib --mandir=/usr/share/man --infodir=/usr/share/info --with-bugurl=https://bugs.archlinux.org/ --with-linker-hash-style=gnu --with-system-zlib --enable-__cxa_atexit --enable-cet=auto --enable-checking=release --enable-clocale=gnu --enable-default-pie --enable-default-ssp --enable-gnu-indirect-function --enable-gnu-unique-object --enable-linker-build-id --enable-lto --enable-multilib --enable-plugin --enable-shared --enable-threads=posix --disable-libssp --disable-libstdcxx-pch --disable-werror --with-build-config=bootstrap-lto --enable-link-serialization=1 gdc_include_dir=/usr/include/dlang/gdc]
  ignore line: [Thread model: posix]
  ignore line: [Supported LTO compression algorithms: zlib zstd]
  ignore line: [gcc version 11.2.0 (GCC) ]
  ignore line: [COMPILER_PATH=/usr/lib/gcc/x86_64-pc-linux-gnu/11.2.0/:/usr/lib/gcc/x86_64-pc-linux-gnu/11.2.0/:/usr/lib/gcc/x86_64-pc-linux-gnu/:/usr/lib/gcc/x86_64-pc-linux-gnu/11.2.0/:/usr/lib/gcc/x86_64-pc-linux-gnu/]
  ignore line: [LIBRARY_PATH=/usr/lib/gcc/x86_64-pc-linux-gnu/11.2.0/:/usr/lib/gcc/x86_64-pc-linux-gnu/11.2.0/../../../../lib/:/lib/../lib/:/usr/lib/../lib/:/usr/lib/gcc/x86_64-pc-linux-gnu/11.2.0/../../../:/lib/:/usr/lib/]
  ignore line: [COLLECT_GCC_OPTIONS='-v' '-o' 'cmTC_4eeee' '-shared-libgcc' '-mtune=generic' '-march=x86-64' '-dumpdir' 'cmTC_4eeee.']
  link line: [ /usr/lib/gcc/x86_64-pc-linux-gnu/11.2.0/collect2 -plugin /usr/lib/gcc/x86_64-pc-linux-gnu/11.2.0/liblto_plugin.so -plugin-opt=/usr/lib/gcc/x86_64-pc-linux-gnu/11.2.0/lto-wrapper -plugin-opt=-fresolution=/tmp/ccxi5CJv.res -plugin-opt=-pass-through=-lgcc_s -plugin-opt=-pass-through=-lgcc -plugin-opt=-pass-through=-lc -plugin-opt=-pass-through=-lgcc_s -plugin-opt=-pass-through=-lgcc --build-id --eh-frame-hdr --hash-style=gnu -m elf_x86_64 -dynamic-linker /lib64/ld-linux-x86-64.so.2 -pie -o cmTC_4eeee /usr/lib/gcc/x86_64-pc-linux-gnu/11.2.0/../../../../lib/Scrt1.o /usr/lib/gcc/x86_64-pc-linux-gnu/11.2.0/../../../../lib/crti.o /usr/lib/gcc/x86_64-pc-linux-gnu/11.2.0/crtbeginS.o -L/usr/lib/gcc/x86_64-pc-linux-gnu/11.2.0 -L/usr/lib/gcc/x86_64-pc-linux-gnu/11.2.0/../../../../lib -L/lib/../lib -L/usr/lib/../lib -L/usr/lib/gcc/x86_64-pc-linux-gnu/11.2.0/../../.. CMakeFiles/cmTC_4eeee.dir/CMakeCXXCompilerABI.cpp.o -lstdc++ -lm -lgcc_s -lgcc -lc -lgcc_s -lgcc /usr/lib/gcc/x86_64-pc-linux-gnu/11.2.0/crtendS.o /usr/lib/gcc/x86_64-pc-linux-gnu/11.2.0/../../../../lib/crtn.o]
    arg [/usr/lib/gcc/x86_64-pc-linux-gnu/11.2.0/collect2] ==> ignore
    arg [-plugin] ==> ignore
    arg [/usr/lib/gcc/x86_64-pc-linux-gnu/11.2.0/liblto_plugin.so] ==> ignore
    arg [-plugin-opt=/usr/lib/gcc/x86_64-pc-linux-gnu/11.2.0/lto-wrapper] ==> ignore
    arg [-plugin-opt=-fresolution=/tmp/ccxi5CJv.res] ==> ignore
    arg [-plugin-opt=-pass-through=-lgcc_s] ==> ignore
    arg [-plugin-opt=-pass-through=-lgcc] ==> ignore
    arg [-plugin-opt=-pass-through=-lc] ==> ignore
    arg [-plugin-opt=-pass-through=-lgcc_s] ==> ignore
    arg [-plugin-opt=-pass-through=-lgcc] ==> ignore
    arg [--build-id] ==> ignore
    arg [--eh-frame-hdr] ==> ignore
    arg [--hash-style=gnu] ==> ignore
    arg [-m] ==> ignore
    arg [elf_x86_64] ==> ignore
    arg [-dynamic-linker] ==> ignore
    arg [/lib64/ld-linux-x86-64.so.2] ==> ignore
    arg [-pie] ==> ignore
    arg [-o] ==> ignore
    arg [cmTC_4eeee] ==> ignore
    arg [/usr/lib/gcc/x86_64-pc-linux-gnu/11.2.0/../../../../lib/Scrt1.o] ==> obj [/usr/lib/gcc/x86_64-pc-linux-gnu/11.2.0/../../../../lib/Scrt1.o]
    arg [/usr/lib/gcc/x86_64-pc-linux-gnu/11.2.0/../../../../lib/crti.o] ==> obj [/usr/lib/gcc/x86_64-pc-linux-gnu/11.2.0/../../../../lib/crti.o]
    arg [/usr/lib/gcc/x86_64-pc-linux-gnu/11.2.0/crtbeginS.o] ==> obj [/usr/lib/gcc/x86_64-pc-linux-gnu/11.2.0/crtbeginS.o]
    arg [-L/usr/lib/gcc/x86_64-pc-linux-gnu/11.2.0] ==> dir [/usr/lib/gcc/x86_64-pc-linux-gnu/11.2.0]
    arg [-L/usr/lib/gcc/x86_64-pc-linux-gnu/11.2.0/../../../../lib] ==> dir [/usr/lib/gcc/x86_64-pc-linux-gnu/11.2.0/../../../../lib]
    arg [-L/lib/../lib] ==> dir [/lib/../lib]
    arg [-L/usr/lib/../lib] ==> dir [/usr/lib/../lib]
    arg [-L/usr/lib/gcc/x86_64-pc-linux-gnu/11.2.0/../../..] ==> dir [/usr/lib/gcc/x86_64-pc-linux-gnu/11.2.0/../../..]
    arg [CMakeFiles/cmTC_4eeee.dir/CMakeCXXCompilerABI.cpp.o] ==> ignore
    arg [-lstdc++] ==> lib [stdc++]
    arg [-lm] ==> lib [m]
    arg [-lgcc_s] ==> lib [gcc_s]
    arg [-lgcc] ==> lib [gcc]
    arg [-lc] ==> lib [c]
    arg [-lgcc_s] ==> lib [gcc_s]
    arg [-lgcc] ==> lib [gcc]
    arg [/usr/lib/gcc/x86_64-pc-linux-gnu/11.2.0/crtendS.o] ==> obj [/usr/lib/gcc/x86_64-pc-linux-gnu/11.2.0/crtendS.o]
    arg [/usr/lib/gcc/x86_64-pc-linux-gnu/11.2.0/../../../../lib/crtn.o] ==> obj [/usr/lib/gcc/x86_64-pc-linux-gnu/11.2.0/../../../../lib/crtn.o]
  collapse obj [/usr/lib/gcc/x86_64-pc-linux-gnu/11.2.0/../../../../lib/Scrt1.o] ==> [/usr/lib/Scrt1.o]
  collapse obj [/usr/lib/gcc/x86_64-pc-linux-gnu/11.2.0/../../../../lib/crti.o] ==> [/usr/lib/crti.o]
  collapse obj [/usr/lib/gcc/x86_64-pc-linux-gnu/11.2.0/../../../../lib/crtn.o] ==> [/usr/lib/crtn.o]
  collapse library dir [/usr/lib/gcc/x86_64-pc-linux-gnu/11.2.0] ==> [/usr/lib/gcc/x86_64-pc-linux-gnu/11.2.0]
  collapse library dir [/usr/lib/gcc/x86_64-pc-linux-gnu/11.2.0/../../../../lib] ==> [/usr/lib]
  collapse library dir [/lib/../lib] ==> [/lib]
  collapse library dir [/usr/lib/../lib] ==> [/usr/lib]
  collapse library dir [/usr/lib/gcc/x86_64-pc-linux-gnu/11.2.0/../../..] ==> [/usr/lib]
  implicit libs: [stdc++;m;gcc_s;gcc;c;gcc_s;gcc]
  implicit objs: [/usr/lib/Scrt1.o;/usr/lib/crti.o;/usr/lib/gcc/x86_64-pc-linux-gnu/11.2.0/crtbeginS.o;/usr/lib/gcc/x86_64-pc-linux-gnu/11.2.0/crtendS.o;/usr/lib/crtn.o]
  implicit dirs: [/usr/lib/gcc/x86_64-pc-linux-gnu/11.2.0;/usr/lib;/lib]
  implicit fwks: []


